2025-07-03 01:10:01,808 - INFO - Starting comprehensive network analysis...
2025-07-03 01:10:01,808 - INFO - Loading PCAP file: .\client_conversation_wireshark.pcapng
2025-07-03 01:10:01,886 - INFO - Loaded 462 packets
2025-07-03 01:10:01,886 - INFO - Analyzing basic network statistics...
2025-07-03 01:10:01,912 - INFO - Analyzing protocol distribution...
2025-07-03 01:10:01,912 - INFO - Analyzing top talkers...
2025-07-03 01:10:01,912 - INFO - Analyzing port activity...
2025-07-03 01:10:01,912 - INFO - Analyzing DNS traffic...
2025-07-03 01:10:01,914 - INFO - Analyzing HTTP traffic...
2025-07-03 01:10:01,915 - INFO - Analyzing network topology...
2025-07-03 01:10:01,916 - INFO - Detecting security threats...
2025-07-03 01:10:01,916 - INFO - Generating firewall rules...
2025-07-03 01:10:01,916 - INFO - Creating visualizations...
2025-07-03 01:10:02,896 - INFO - Visualizations saved to 'network_traffic_analysis.png'
2025-07-03 01:10:02,896 - INFO - Analysis complete!
2025-07-03 01:10:02,899 - INFO - Generating report: network_analysis_report.json
2025-07-03 01:10:02,900 - INFO - Report saved to network_analysis_report.json
2025-07-03 03:40:30,321 - INFO - Starting comprehensive network analysis...
2025-07-03 03:40:30,321 - INFO - Loading PCAP file: .\client_conversation_wireshark.pcapng
2025-07-03 03:40:30,396 - INFO - Loaded 462 packets
2025-07-03 03:40:30,396 - INFO - Analyzing basic network statistics...
2025-07-03 03:40:30,420 - INFO - Analyzing protocol distribution...
2025-07-03 03:40:30,420 - INFO - Analyzing top talkers...
2025-07-03 03:40:30,421 - INFO - Analyzing port activity...
2025-07-03 03:40:30,421 - INFO - Analyzing DNS traffic...
2025-07-03 03:40:30,422 - INFO - Analyzing HTTP traffic...
2025-07-03 03:40:30,422 - INFO - Analyzing network topology...
2025-07-03 03:40:30,422 - INFO - Detecting security threats...
2025-07-03 03:40:30,422 - INFO - Generating firewall rules...
2025-07-03 03:40:30,422 - INFO - Creating visualizations...
2025-07-03 03:40:31,408 - INFO - Visualizations saved to 'network_traffic_analysis.png'
2025-07-03 03:40:31,408 - INFO - Analysis complete!
2025-07-03 03:40:31,408 - INFO - Generating report: network_analysis_report.json
2025-07-03 03:40:31,408 - INFO - Report saved to network_analysis_report.json
